<?xml version="1.0" encoding="UTF-8"?>
<blueprint xmlns="http://www.osgi.org/xmlns/blueprint/v1.0.0"
           xmlns:odl="http://opendaylight.org/xmlns/blueprint/v1.0.0">

  <odl:rpc-service id="salFlowRpcs"
      interface="org.opendaylight.openflowplugin.impl.services.sal.SalFlowRpcs"/>

  <bean id="test" class="org.opendaylight.openflowplugin.extension.test.Test">
    <property name="flowRpcs" ref="salFlowRpcs"/>
  </bean>

  <odl:rpc-implementation ref="test"/>

</blueprint>
