<?xml version="1.0" encoding="UTF-8"?>
<blueprint xmlns="http://www.osgi.org/xmlns/blueprint/v1.0.0"
           xmlns:odl="http://opendaylight.org/xmlns/blueprint/v1.0.0"
    odl:use-default-for-reference-types="true">

  <reference id="dataBroker" interface="org.opendaylight.controller.md.sal.binding.api.DataBroker"/>
  <reference id="notificationService" interface="org.opendaylight.controller.sal.binding.api.NotificationProviderService"/>

  <bean id="activator" class="org.opendaylight.openflowplugin.test.OpenflowpluginTestActivator"
          init-method="init" destroy-method="close">
    <argument ref="dataBroker"/>
    <argument ref="notificationService"/>
    <argument ref="blueprintBundleContext"/>
  </bean>
</blueprint>
